<?xml version="1.0" encoding="UTF-8"?>
<testsuite name="com.dev.touristapi.TouristApiApplicationTests" tests="1" skipped="0" failures="0" errors="0" timestamp="2023-04-14T16:46:01" hostname="ABHISEK" time="1.448">
  <properties/>
  <testcase name="contextLoads()" classname="com.dev.touristapi.TouristApiApplicationTests" time="1.448"/>
  <system-out><![CDATA[22:15:56.958 [Test worker] DEBUG org.springframework.boot.test.context.SpringBootTestContextBootstrapper -- Neither @ContextConfiguration nor @ContextHierarchy found for test class [TouristApiApplicationTests]: using SpringBootContextLoader
22:15:56.966 [Test worker] DEBUG org.springframework.test.context.support.AbstractContextLoader -- Could not detect default resource locations for test class [com.dev.touristapi.TouristApiApplicationTests]: no resource found for suffixes {-context.xml, Context.groovy}.
22:15:56.968 [Test worker] INFO org.springframework.test.context.support.AnnotationConfigContextLoaderUtils -- Could not detect default configuration classes for test class [com.dev.touristapi.TouristApiApplicationTests]: TouristApiApplicationTests does not declare any static, non-private, non-final, nested classes annotated with @Configuration.
22:15:57.008 [Test worker] DEBUG org.springframework.boot.test.context.SpringBootTestContextBootstrapper -- Using ContextCustomizers for test class [TouristApiApplicationTests]: [DisableObservabilityContextCustomizer, PropertyMappingContextCustomizer, Customizer, ExcludeFilterContextCustomizer, DuplicateJsonObjectContextCustomizer, MockitoContextCustomizer, TestRestTemplateContextCustomizer]
22:15:57.142 [Test worker] DEBUG org.springframework.context.annotation.ClassPathScanningCandidateComponentProvider -- Identified candidate component class: file [D:\My Codes\JAVA\Projects\tourist-api\build\classes\java\main\com\dev\touristapi\TouristApiApplication.class]
22:15:57.145 [Test worker] INFO org.springframework.boot.test.context.SpringBootTestContextBootstrapper -- Found @SpringBootConfiguration com.dev.touristapi.TouristApiApplication for test class com.dev.touristapi.TouristApiApplicationTests
22:15:57.349 [Test worker] DEBUG org.springframework.boot.test.context.SpringBootTestContextBootstrapper -- Using TestExecutionListeners for test class [TouristApiApplicationTests]: [ServletTestExecutionListener, DirtiesContextBeforeModesTestExecutionListener, ApplicationEventsTestExecutionListener, MockitoTestExecutionListener, DependencyInjectionTestExecutionListener, DirtiesContextTestExecutionListener, TransactionalTestExecutionListener, SqlScriptsTestExecutionListener, EventPublishingTestExecutionListener, RestDocsTestExecutionListener, MockRestServiceServerResetTestExecutionListener, MockMvcPrintOnlyOnFailureTestExecutionListener, WebDriverTestExecutionListener, MockWebServiceServerTestExecutionListener, ResetMocksTestExecutionListener]
22:15:57.352 [Test worker] DEBUG org.springframework.test.context.support.AbstractDirtiesContextTestExecutionListener -- Before test class: class [TouristApiApplicationTests], class annotated with @DirtiesContext [false] with mode [null]

  .   ____          _            __ _ _
 /\\ / ___'_ __ _ _(_)_ __  __ _ \ \ \ \
( ( )\___ | '_ | '_| | '_ \/ _` | \ \ \ \
 \\/  ___)| |_)| | | | | || (_| |  ) ) ) )
  '  |____| .__|_| |_|_| |_\__, | / / / /
 =========|_|==============|___/=/_/_/_/
 :: Spring Boot ::                (v3.0.5)

2023-04-14T22:15:57.844+05:30  INFO 5476 --- [    Test worker] c.d.t.TouristApiApplicationTests         : Starting TouristApiApplicationTests using Java 17.0.6 with PID 5476 (started by abhis in D:\My Codes\JAVA\Projects\tourist-api)
2023-04-14T22:15:57.846+05:30  INFO 5476 --- [    Test worker] c.d.t.TouristApiApplicationTests         : No active profile set, falling back to 1 default profile: "default"
2023-04-14T22:15:58.824+05:30  INFO 5476 --- [    Test worker] .s.d.r.c.RepositoryConfigurationDelegate : Bootstrapping Spring Data MongoDB repositories in DEFAULT mode.
2023-04-14T22:15:58.931+05:30  INFO 5476 --- [    Test worker] .s.d.r.c.RepositoryConfigurationDelegate : Finished Spring Data repository scanning in 97 ms. Found 4 MongoDB repository interfaces.
2023-04-14T22:15:59.636+05:30  INFO 5476 --- [    Test worker] org.mongodb.driver.client                : MongoClient with metadata {"driver": {"name": "mongo-java-driver|sync|spring-boot", "version": "4.8.2"}, "os": {"type": "Windows", "name": "Windows 11", "architecture": "amd64", "version": "10.0"}, "platform": "Java/Oracle Corporation/17.0.6+9-LTS-190"} created with settings MongoClientSettings{readPreference=primary, writeConcern=WriteConcern{w=null, wTimeout=null ms, journal=null}, retryWrites=true, retryReads=true, readConcern=ReadConcern{level=null}, credential=MongoCredential{mechanism=null, userName='abhisekmohantychinua', source='admin', password=<hidden>, mechanismProperties=<hidden>}, streamFactoryFactory=null, commandListeners=[], codecRegistry=ProvidersCodecRegistry{codecProviders=[ValueCodecProvider{}, BsonValueCodecProvider{}, DBRefCodecProvider{}, DBObjectCodecProvider{}, DocumentCodecProvider{}, CollectionCodecProvider{}, IterableCodecProvider{}, MapCodecProvider{}, GeoJsonCodecProvider{}, GridFSFileCodecProvider{}, Jsr310CodecProvider{}, JsonObjectCodecProvider{}, BsonCodecProvider{}, EnumCodecProvider{}, com.mongodb.Jep395RecordCodecProvider@27e2287c]}, clusterSettings={hosts=[127.0.0.1:27017], srvHost=tourism-api-cluster.vre6kl2.mongodb.net, srvServiceName=mongodb, mode=MULTIPLE, requiredClusterType=REPLICA_SET, requiredReplicaSetName='atlas-xkt48e-shard-0', serverSelector='null', clusterListeners='[]', serverSelectionTimeout='30000 ms', localThreshold='30000 ms'}, socketSettings=SocketSettings{connectTimeoutMS=10000, readTimeoutMS=0, receiveBufferSize=0, sendBufferSize=0}, heartbeatSocketSettings=SocketSettings{connectTimeoutMS=10000, readTimeoutMS=10000, receiveBufferSize=0, sendBufferSize=0}, connectionPoolSettings=ConnectionPoolSettings{maxSize=100, minSize=0, maxWaitTimeMS=120000, maxConnectionLifeTimeMS=0, maxConnectionIdleTimeMS=0, maintenanceInitialDelayMS=0, maintenanceFrequencyMS=60000, connectionPoolListeners=[], maxConnecting=2}, serverSettings=ServerSettings{heartbeatFrequencyMS=10000, minHeartbeatFrequencyMS=500, serverListeners='[]', serverMonitorListeners='[]'}, sslSettings=SslSettings{enabled=true, invalidHostNameAllowed=false, context=null}, applicationName='null', compressorList=[], uuidRepresentation=JAVA_LEGACY, serverApi=null, autoEncryptionSettings=null, contextProvider=null}
2023-04-14T22:15:59.725+05:30  INFO 5476 --- [kl2.mongodb.net] org.mongodb.driver.cluster               : Adding discovered server ac-7372fjj-shard-00-00.vre6kl2.mongodb.net:27017 to client view of cluster
2023-04-14T22:15:59.764+05:30  INFO 5476 --- [kl2.mongodb.net] org.mongodb.driver.cluster               : Adding discovered server ac-7372fjj-shard-00-01.vre6kl2.mongodb.net:27017 to client view of cluster
2023-04-14T22:15:59.766+05:30  INFO 5476 --- [kl2.mongodb.net] org.mongodb.driver.cluster               : Adding discovered server ac-7372fjj-shard-00-02.vre6kl2.mongodb.net:27017 to client view of cluster
2023-04-14T22:16:00.219+05:30  WARN 5476 --- [    Test worker] ocalVariableTableParameterNameDiscoverer : Using deprecated '-debug' fallback for parameter name resolution. Compile the affected code with '-parameters' instead or avoid its introspection: com.dev.touristapi.database.PlaceRepository
2023-04-14T22:16:00.961+05:30  INFO 5476 --- [ngodb.net:27017] org.mongodb.driver.cluster               : Monitor thread successfully connected to server with description ServerDescription{address=ac-7372fjj-shard-00-02.vre6kl2.mongodb.net:27017, type=REPLICA_SET_PRIMARY, state=CONNECTED, ok=true, minWireVersion=0, maxWireVersion=17, maxDocumentSize=16777216, logicalSessionTimeoutMinutes=30, roundTripTimeNanos=634264600, setName='atlas-xkt48e-shard-0', canonicalAddress=ac-7372fjj-shard-00-02.vre6kl2.mongodb.net:27017, hosts=[ac-7372fjj-shard-00-00.vre6kl2.mongodb.net:27017, ac-7372fjj-shard-00-01.vre6kl2.mongodb.net:27017, ac-7372fjj-shard-00-02.vre6kl2.mongodb.net:27017], passives=[], arbiters=[], primary='ac-7372fjj-shard-00-02.vre6kl2.mongodb.net:27017', tagSet=TagSet{[Tag{name='nodeType', value='ELECTABLE'}, Tag{name='provider', value='AWS'}, Tag{name='region', value='AP_SOUTH_1'}, Tag{name='workloadType', value='OPERATIONAL'}]}, electionId=7fffffff000000000000012a, setVersion=6, topologyVersion=TopologyVersion{processId=6438f7cc29c6d46c5a744dfa, counter=6}, lastWriteDate=Fri Apr 14 22:16:01 IST 2023, lastUpdateTimeNanos=205705245664300}
2023-04-14T22:16:00.961+05:30  INFO 5476 --- [ngodb.net:27017] org.mongodb.driver.cluster               : Monitor thread successfully connected to server with description ServerDescription{address=ac-7372fjj-shard-00-01.vre6kl2.mongodb.net:27017, type=REPLICA_SET_SECONDARY, state=CONNECTED, ok=true, minWireVersion=0, maxWireVersion=17, maxDocumentSize=16777216, logicalSessionTimeoutMinutes=30, roundTripTimeNanos=634370300, setName='atlas-xkt48e-shard-0', canonicalAddress=ac-7372fjj-shard-00-01.vre6kl2.mongodb.net:27017, hosts=[ac-7372fjj-shard-00-00.vre6kl2.mongodb.net:27017, ac-7372fjj-shard-00-01.vre6kl2.mongodb.net:27017, ac-7372fjj-shard-00-02.vre6kl2.mongodb.net:27017], passives=[], arbiters=[], primary='ac-7372fjj-shard-00-02.vre6kl2.mongodb.net:27017', tagSet=TagSet{[Tag{name='nodeType', value='ELECTABLE'}, Tag{name='provider', value='AWS'}, Tag{name='region', value='AP_SOUTH_1'}, Tag{name='workloadType', value='OPERATIONAL'}]}, electionId=null, setVersion=6, topologyVersion=TopologyVersion{processId=6438f8cb04329b06762fa4ec, counter=3}, lastWriteDate=Fri Apr 14 22:16:01 IST 2023, lastUpdateTimeNanos=205705245770900}
2023-04-14T22:16:00.963+05:30  INFO 5476 --- [ngodb.net:27017] org.mongodb.driver.cluster               : Monitor thread successfully connected to server with description ServerDescription{address=ac-7372fjj-shard-00-00.vre6kl2.mongodb.net:27017, type=REPLICA_SET_SECONDARY, state=CONNECTED, ok=true, minWireVersion=0, maxWireVersion=17, maxDocumentSize=16777216, logicalSessionTimeoutMinutes=30, roundTripTimeNanos=634334100, setName='atlas-xkt48e-shard-0', canonicalAddress=ac-7372fjj-shard-00-00.vre6kl2.mongodb.net:27017, hosts=[ac-7372fjj-shard-00-00.vre6kl2.mongodb.net:27017, ac-7372fjj-shard-00-01.vre6kl2.mongodb.net:27017, ac-7372fjj-shard-00-02.vre6kl2.mongodb.net:27017], passives=[], arbiters=[], primary='ac-7372fjj-shard-00-02.vre6kl2.mongodb.net:27017', tagSet=TagSet{[Tag{name='nodeType', value='ELECTABLE'}, Tag{name='provider', value='AWS'}, Tag{name='region', value='AP_SOUTH_1'}, Tag{name='workloadType', value='OPERATIONAL'}]}, electionId=null, setVersion=6, topologyVersion=TopologyVersion{processId=6438f6beab53003d0d641374, counter=4}, lastWriteDate=Fri Apr 14 22:16:01 IST 2023, lastUpdateTimeNanos=205705245786400}
2023-04-14T22:16:00.969+05:30  INFO 5476 --- [ngodb.net:27017] org.mongodb.driver.cluster               : Discovered replica set primary ac-7372fjj-shard-00-02.vre6kl2.mongodb.net:27017 with max election id 7fffffff000000000000012a and max set version 6
2023-04-14T22:16:01.646+05:30  INFO 5476 --- [    Test worker] c.d.t.TouristApiApplicationTests         : Started TouristApiApplicationTests in 4.202 seconds (process running for 6.316)
]]></system-out>
  <system-err><![CDATA[]]></system-err>
</testsuite>
