<?xml version="1.0" encoding="UTF-8"?>
<testsuite name="com.dev.touristapi.TouristApiApplicationTests" tests="1" skipped="0" failures="0" errors="0" timestamp="2023-05-04T06:17:16" hostname="ABHISEK" time="0.637">
  <properties/>
  <testcase name="contextLoads()" classname="com.dev.touristapi.TouristApiApplicationTests" time="0.637"/>
  <system-out><![CDATA[11:47:13.507 [Test worker] DEBUG org.springframework.boot.test.context.SpringBootTestContextBootstrapper -- Neither @ContextConfiguration nor @ContextHierarchy found for test class [TouristApiApplicationTests]: using SpringBootContextLoader
11:47:13.512 [Test worker] DEBUG org.springframework.test.context.support.AbstractContextLoader -- Could not detect default resource locations for test class [com.dev.touristapi.TouristApiApplicationTests]: no resource found for suffixes {-context.xml, Context.groovy}.
11:47:13.513 [Test worker] INFO org.springframework.test.context.support.AnnotationConfigContextLoaderUtils -- Could not detect default configuration classes for test class [com.dev.touristapi.TouristApiApplicationTests]: TouristApiApplicationTests does not declare any static, non-private, non-final, nested classes annotated with @Configuration.
11:47:13.537 [Test worker] DEBUG org.springframework.boot.test.context.SpringBootTestContextBootstrapper -- Using ContextCustomizers for test class [TouristApiApplicationTests]: [DisableObservabilityContextCustomizer, PropertyMappingContextCustomizer, Customizer, ExcludeFilterContextCustomizer, DuplicateJsonObjectContextCustomizer, MockitoContextCustomizer, TestRestTemplateContextCustomizer]
11:47:13.614 [Test worker] DEBUG org.springframework.context.annotation.ClassPathScanningCandidateComponentProvider -- Identified candidate component class: file [D:\My Codes\JAVA\Projects\tourist-api\build\classes\java\main\com\dev\touristapi\TouristApiApplication.class]
11:47:13.616 [Test worker] INFO org.springframework.boot.test.context.SpringBootTestContextBootstrapper -- Found @SpringBootConfiguration com.dev.touristapi.TouristApiApplication for test class com.dev.touristapi.TouristApiApplicationTests
11:47:13.730 [Test worker] DEBUG org.springframework.boot.test.context.SpringBootTestContextBootstrapper -- Using TestExecutionListeners for test class [TouristApiApplicationTests]: [ServletTestExecutionListener, DirtiesContextBeforeModesTestExecutionListener, ApplicationEventsTestExecutionListener, MockitoTestExecutionListener, DependencyInjectionTestExecutionListener, DirtiesContextTestExecutionListener, TransactionalTestExecutionListener, SqlScriptsTestExecutionListener, EventPublishingTestExecutionListener, RestDocsTestExecutionListener, MockRestServiceServerResetTestExecutionListener, MockMvcPrintOnlyOnFailureTestExecutionListener, WebDriverTestExecutionListener, MockWebServiceServerTestExecutionListener, ResetMocksTestExecutionListener]
11:47:13.732 [Test worker] DEBUG org.springframework.test.context.support.AbstractDirtiesContextTestExecutionListener -- Before test class: class [TouristApiApplicationTests], class annotated with @DirtiesContext [false] with mode [null]

  .   ____          _            __ _ _
 /\\ / ___'_ __ _ _(_)_ __  __ _ \ \ \ \
( ( )\___ | '_ | '_| | '_ \/ _` | \ \ \ \
 \\/  ___)| |_)| | | | | || (_| |  ) ) ) )
  '  |____| .__|_| |_|_| |_\__, | / / / /
 =========|_|==============|___/=/_/_/_/
 :: Spring Boot ::                (v3.0.5)

2023-05-04T11:47:14.035+05:30  INFO 13056 --- [    Test worker] c.d.t.TouristApiApplicationTests         : Starting TouristApiApplicationTests using Java 17.0.6 with PID 13056 (started by abhis in D:\My Codes\JAVA\Projects\tourist-api)
2023-05-04T11:47:14.037+05:30  INFO 13056 --- [    Test worker] c.d.t.TouristApiApplicationTests         : No active profile set, falling back to 1 default profile: "default"
2023-05-04T11:47:14.631+05:30  INFO 13056 --- [    Test worker] .s.d.r.c.RepositoryConfigurationDelegate : Bootstrapping Spring Data MongoDB repositories in DEFAULT mode.
2023-05-04T11:47:14.685+05:30  INFO 13056 --- [    Test worker] .s.d.r.c.RepositoryConfigurationDelegate : Finished Spring Data repository scanning in 50 ms. Found 4 MongoDB repository interfaces.
2023-05-04T11:47:15.282+05:30  INFO 13056 --- [    Test worker] org.mongodb.driver.client                : MongoClient with metadata {"driver": {"name": "mongo-java-driver|sync|spring-boot", "version": "4.8.2"}, "os": {"type": "Windows", "name": "Windows 11", "architecture": "amd64", "version": "10.0"}, "platform": "Java/Oracle Corporation/17.0.6+9-LTS-190"} created with settings MongoClientSettings{readPreference=primary, writeConcern=WriteConcern{w=null, wTimeout=null ms, journal=null}, retryWrites=true, retryReads=true, readConcern=ReadConcern{level=null}, credential=MongoCredential{mechanism=null, userName='abhisekmohantychinua', source='admin', password=<hidden>, mechanismProperties=<hidden>}, streamFactoryFactory=null, commandListeners=[], codecRegistry=ProvidersCodecRegistry{codecProviders=[ValueCodecProvider{}, BsonValueCodecProvider{}, DBRefCodecProvider{}, DBObjectCodecProvider{}, DocumentCodecProvider{}, CollectionCodecProvider{}, IterableCodecProvider{}, MapCodecProvider{}, GeoJsonCodecProvider{}, GridFSFileCodecProvider{}, Jsr310CodecProvider{}, JsonObjectCodecProvider{}, BsonCodecProvider{}, EnumCodecProvider{}, com.mongodb.Jep395RecordCodecProvider@76e90da5]}, clusterSettings={hosts=[127.0.0.1:27017], srvHost=tourism-api-cluster.vre6kl2.mongodb.net, srvServiceName=mongodb, mode=MULTIPLE, requiredClusterType=REPLICA_SET, requiredReplicaSetName='atlas-xkt48e-shard-0', serverSelector='null', clusterListeners='[]', serverSelectionTimeout='30000 ms', localThreshold='30000 ms'}, socketSettings=SocketSettings{connectTimeoutMS=10000, readTimeoutMS=0, receiveBufferSize=0, sendBufferSize=0}, heartbeatSocketSettings=SocketSettings{connectTimeoutMS=10000, readTimeoutMS=10000, receiveBufferSize=0, sendBufferSize=0}, connectionPoolSettings=ConnectionPoolSettings{maxSize=100, minSize=0, maxWaitTimeMS=120000, maxConnectionLifeTimeMS=0, maxConnectionIdleTimeMS=0, maintenanceInitialDelayMS=0, maintenanceFrequencyMS=60000, connectionPoolListeners=[], maxConnecting=2}, serverSettings=ServerSettings{heartbeatFrequencyMS=10000, minHeartbeatFrequencyMS=500, serverListeners='[]', serverMonitorListeners='[]'}, sslSettings=SslSettings{enabled=true, invalidHostNameAllowed=false, context=null}, applicationName='null', compressorList=[], uuidRepresentation=JAVA_LEGACY, serverApi=null, autoEncryptionSettings=null, contextProvider=null}
2023-05-04T11:47:15.436+05:30  INFO 13056 --- [kl2.mongodb.net] org.mongodb.driver.cluster               : Adding discovered server ac-7372fjj-shard-00-00.vre6kl2.mongodb.net:27017 to client view of cluster
2023-05-04T11:47:15.477+05:30  INFO 13056 --- [kl2.mongodb.net] org.mongodb.driver.cluster               : Adding discovered server ac-7372fjj-shard-00-01.vre6kl2.mongodb.net:27017 to client view of cluster
2023-05-04T11:47:15.479+05:30  INFO 13056 --- [kl2.mongodb.net] org.mongodb.driver.cluster               : Adding discovered server ac-7372fjj-shard-00-02.vre6kl2.mongodb.net:27017 to client view of cluster
2023-05-04T11:47:16.316+05:30  INFO 13056 --- [    Test worker] c.d.t.TouristApiApplicationTests         : Started TouristApiApplicationTests in 2.532 seconds (process running for 3.738)
2023-05-04T11:47:16.800+05:30  INFO 13056 --- [ngodb.net:27017] org.mongodb.driver.cluster               : Monitor thread successfully connected to server with description ServerDescription{address=ac-7372fjj-shard-00-01.vre6kl2.mongodb.net:27017, type=REPLICA_SET_PRIMARY, state=CONNECTED, ok=true, minWireVersion=0, maxWireVersion=17, maxDocumentSize=16777216, logicalSessionTimeoutMinutes=30, roundTripTimeNanos=842409500, setName='atlas-xkt48e-shard-0', canonicalAddress=ac-7372fjj-shard-00-01.vre6kl2.mongodb.net:27017, hosts=[ac-7372fjj-shard-00-00.vre6kl2.mongodb.net:27017, ac-7372fjj-shard-00-01.vre6kl2.mongodb.net:27017, ac-7372fjj-shard-00-02.vre6kl2.mongodb.net:27017], passives=[], arbiters=[], primary='ac-7372fjj-shard-00-01.vre6kl2.mongodb.net:27017', tagSet=TagSet{[Tag{name='nodeType', value='ELECTABLE'}, Tag{name='provider', value='AWS'}, Tag{name='region', value='AP_SOUTH_1'}, Tag{name='workloadType', value='OPERATIONAL'}]}, electionId=7fffffff000000000000012f, setVersion=6, topologyVersion=TopologyVersion{processId=644984d8b0fc0daabd031e8a, counter=6}, lastWriteDate=Thu May 04 11:47:17 IST 2023, lastUpdateTimeNanos=577649888769000}
2023-05-04T11:47:16.800+05:30  INFO 13056 --- [ngodb.net:27017] org.mongodb.driver.cluster               : Monitor thread successfully connected to server with description ServerDescription{address=ac-7372fjj-shard-00-00.vre6kl2.mongodb.net:27017, type=REPLICA_SET_SECONDARY, state=CONNECTED, ok=true, minWireVersion=0, maxWireVersion=17, maxDocumentSize=16777216, logicalSessionTimeoutMinutes=30, roundTripTimeNanos=638297000, setName='atlas-xkt48e-shard-0', canonicalAddress=ac-7372fjj-shard-00-00.vre6kl2.mongodb.net:27017, hosts=[ac-7372fjj-shard-00-00.vre6kl2.mongodb.net:27017, ac-7372fjj-shard-00-01.vre6kl2.mongodb.net:27017, ac-7372fjj-shard-00-02.vre6kl2.mongodb.net:27017], passives=[], arbiters=[], primary='ac-7372fjj-shard-00-01.vre6kl2.mongodb.net:27017', tagSet=TagSet{[Tag{name='nodeType', value='ELECTABLE'}, Tag{name='provider', value='AWS'}, Tag{name='region', value='AP_SOUTH_1'}, Tag{name='workloadType', value='OPERATIONAL'}]}, electionId=null, setVersion=6, topologyVersion=TopologyVersion{processId=644983812244f60a39a5e822, counter=4}, lastWriteDate=Thu May 04 11:47:17 IST 2023, lastUpdateTimeNanos=577649888572300}
2023-05-04T11:47:16.800+05:30  INFO 13056 --- [ngodb.net:27017] org.mongodb.driver.cluster               : Monitor thread successfully connected to server with description ServerDescription{address=ac-7372fjj-shard-00-02.vre6kl2.mongodb.net:27017, type=REPLICA_SET_SECONDARY, state=CONNECTED, ok=true, minWireVersion=0, maxWireVersion=17, maxDocumentSize=16777216, logicalSessionTimeoutMinutes=30, roundTripTimeNanos=842231300, setName='atlas-xkt48e-shard-0', canonicalAddress=ac-7372fjj-shard-00-02.vre6kl2.mongodb.net:27017, hosts=[ac-7372fjj-shard-00-00.vre6kl2.mongodb.net:27017, ac-7372fjj-shard-00-01.vre6kl2.mongodb.net:27017, ac-7372fjj-shard-00-02.vre6kl2.mongodb.net:27017], passives=[], arbiters=[], primary='ac-7372fjj-shard-00-01.vre6kl2.mongodb.net:27017', tagSet=TagSet{[Tag{name='nodeType', value='ELECTABLE'}, Tag{name='provider', value='AWS'}, Tag{name='region', value='AP_SOUTH_1'}, Tag{name='workloadType', value='OPERATIONAL'}]}, electionId=null, setVersion=6, topologyVersion=TopologyVersion{processId=644985ba49f62e9fba4380de, counter=3}, lastWriteDate=Thu May 04 11:47:17 IST 2023, lastUpdateTimeNanos=577649888572500}
2023-05-04T11:47:16.806+05:30  INFO 13056 --- [ngodb.net:27017] org.mongodb.driver.cluster               : Discovered replica set primary ac-7372fjj-shard-00-01.vre6kl2.mongodb.net:27017 with max election id 7fffffff000000000000012f and max set version 6
]]></system-out>
  <system-err><![CDATA[]]></system-err>
</testsuite>
